[0.864s] Invoking command in '/home/ybngl/ros2_ws/src/my_robot_controller': PYTHONPATH=/home/ybngl/ros2_ws/build/my_robot_controller/prefix_override:/home/ybngl/ros2_ws/install/my_robot_controller/lib/python3.10/site-packages:${PYTHONPATH} /usr/bin/python3 -W ignore:setup.py install is deprecated setup.py egg_info --egg-base ../../build/my_robot_controller build --build-base /home/ybngl/ros2_ws/build/my_robot_controller/build install --record /home/ybngl/ros2_ws/build/my_robot_controller/install.log --single-version-externally-managed install_data
[1.201s] running egg_info
[1.202s] writing ../../build/my_robot_controller/my_robot_controller.egg-info/PKG-INFO
[1.202s] writing dependency_links to ../../build/my_robot_controller/my_robot_controller.egg-info/dependency_links.txt
[1.203s] writing entry points to ../../build/my_robot_controller/my_robot_controller.egg-info/entry_points.txt
[1.203s] writing requirements to ../../build/my_robot_controller/my_robot_controller.egg-info/requires.txt
[1.203s] writing top-level names to ../../build/my_robot_controller/my_robot_controller.egg-info/top_level.txt
[1.205s] reading manifest file '../../build/my_robot_controller/my_robot_controller.egg-info/SOURCES.txt'
[1.207s] writing manifest file '../../build/my_robot_controller/my_robot_controller.egg-info/SOURCES.txt'
[1.207s] running build
[1.207s] running build_py
[1.208s] running install
[1.208s] running install_lib
[1.210s] running install_data
[1.210s] running install_egg_info
[1.213s] removing '/home/ybngl/ros2_ws/install/my_robot_controller/lib/python3.10/site-packages/my_robot_controller-0.0.0-py3.10.egg-info' (and everything under it)
[1.213s] Copying ../../build/my_robot_controller/my_robot_controller.egg-info to /home/ybngl/ros2_ws/install/my_robot_controller/lib/python3.10/site-packages/my_robot_controller-0.0.0-py3.10.egg-info
[1.214s] running install_scripts
[1.238s] Installing draw_circle script to /home/ybngl/ros2_ws/install/my_robot_controller/lib/my_robot_controller
[1.238s] Installing pose_subscriber script to /home/ybngl/ros2_ws/install/my_robot_controller/lib/my_robot_controller
[1.238s] Installing test_node script to /home/ybngl/ros2_ws/install/my_robot_controller/lib/my_robot_controller
[1.239s] Installing turtle_controller script to /home/ybngl/ros2_ws/install/my_robot_controller/lib/my_robot_controller
[1.239s] writing list of installed files to '/home/ybngl/ros2_ws/build/my_robot_controller/install.log'
[1.271s] Invoked command in '/home/ybngl/ros2_ws/src/my_robot_controller' returned '0': PYTHONPATH=/home/ybngl/ros2_ws/build/my_robot_controller/prefix_override:/home/ybngl/ros2_ws/install/my_robot_controller/lib/python3.10/site-packages:${PYTHONPATH} /usr/bin/python3 -W ignore:setup.py install is deprecated setup.py egg_info --egg-base ../../build/my_robot_controller build --build-base /home/ybngl/ros2_ws/build/my_robot_controller/build install --record /home/ybngl/ros2_ws/build/my_robot_controller/install.log --single-version-externally-managed install_data
