[0.951s] Invoking command in '/home/ybngl/ros2_ws/build/my_robot_controller': PYTHONPATH=/home/ybngl/ros2_ws/build/my_robot_controller/prefix_override:/home/ybngl/ros2_ws/install/my_robot_controller/lib/python3.10/site-packages:${PYTHONPATH} /usr/bin/python3 -W ignore:setup.py install is deprecated setup.py develop --editable --build-directory /home/ybngl/ros2_ws/build/my_robot_controller/build --no-deps symlink_data --force
[1.341s] running develop
[1.557s] running egg_info
[1.557s] writing my_robot_controller.egg-info/PKG-INFO
[1.558s] writing dependency_links to my_robot_controller.egg-info/dependency_links.txt
[1.558s] writing entry points to my_robot_controller.egg-info/entry_points.txt
[1.558s] writing requirements to my_robot_controller.egg-info/requires.txt
[1.558s] writing top-level names to my_robot_controller.egg-info/top_level.txt
[1.561s] reading manifest file 'my_robot_controller.egg-info/SOURCES.txt'
[1.563s] writing manifest file 'my_robot_controller.egg-info/SOURCES.txt'
[1.565s] running build_ext
[1.565s] Creating /home/ybngl/ros2_ws/install/my_robot_controller/lib/python3.10/site-packages/my-robot-controller.egg-link (link to .)
[1.566s] Installing draw_circle script to /home/ybngl/ros2_ws/install/my_robot_controller/lib/my_robot_controller
[1.566s] Installing pose_subscriber script to /home/ybngl/ros2_ws/install/my_robot_controller/lib/my_robot_controller
[1.566s] Installing test_node script to /home/ybngl/ros2_ws/install/my_robot_controller/lib/my_robot_controller
[1.567s] 
[1.567s] Installed /home/ybngl/ros2_ws/build/my_robot_controller
[1.567s] running symlink_data
[1.567s] symbolically linking /home/ybngl/ros2_ws/build/my_robot_controller/resource/my_robot_controller -> /home/ybngl/ros2_ws/install/my_robot_controller/share/ament_index/resource_index/packages
[1.567s] symbolically linking /home/ybngl/ros2_ws/build/my_robot_controller/package.xml -> /home/ybngl/ros2_ws/install/my_robot_controller/share/my_robot_controller
[1.608s] Invoked command in '/home/ybngl/ros2_ws/build/my_robot_controller' returned '0': PYTHONPATH=/home/ybngl/ros2_ws/build/my_robot_controller/prefix_override:/home/ybngl/ros2_ws/install/my_robot_controller/lib/python3.10/site-packages:${PYTHONPATH} /usr/bin/python3 -W ignore:setup.py install is deprecated setup.py develop --editable --build-directory /home/ybngl/ros2_ws/build/my_robot_controller/build --no-deps symlink_data --force
