[0.783s] Invoking command in '/home/ybngl/ros2_ws/src/my_robot_controller': PYTHONPATH=/home/ybngl/ros2_ws/build/my_robot_controller/prefix_override:/home/ybngl/ros2_ws/install/my_robot_controller/lib/python3.10/site-packages:${PYTHONPATH} /usr/bin/python3 -W ignore:setup.py install is deprecated setup.py egg_info --egg-base ../../build/my_robot_controller build --build-base /home/ybngl/ros2_ws/build/my_robot_controller/build install --record /home/ybngl/ros2_ws/build/my_robot_controller/install.log --single-version-externally-managed install_data
[1.066s] running egg_info
[1.067s] creating ../../build/my_robot_controller/my_robot_controller.egg-info
[1.067s] writing ../../build/my_robot_controller/my_robot_controller.egg-info/PKG-INFO
[1.068s] writing dependency_links to ../../build/my_robot_controller/my_robot_controller.egg-info/dependency_links.txt
[1.068s] writing entry points to ../../build/my_robot_controller/my_robot_controller.egg-info/entry_points.txt
[1.068s] writing requirements to ../../build/my_robot_controller/my_robot_controller.egg-info/requires.txt
[1.068s] writing top-level names to ../../build/my_robot_controller/my_robot_controller.egg-info/top_level.txt
[1.068s] writing manifest file '../../build/my_robot_controller/my_robot_controller.egg-info/SOURCES.txt'
[1.070s] reading manifest file '../../build/my_robot_controller/my_robot_controller.egg-info/SOURCES.txt'
[1.071s] writing manifest file '../../build/my_robot_controller/my_robot_controller.egg-info/SOURCES.txt'
[1.071s] running build
[1.071s] running build_py
[1.071s] creating /home/ybngl/ros2_ws/build/my_robot_controller/build
[1.071s] creating /home/ybngl/ros2_ws/build/my_robot_controller/build/lib
[1.071s] creating /home/ybngl/ros2_ws/build/my_robot_controller/build/lib/my_robot_controller
[1.072s] copying my_robot_controller/__init__.py -> /home/ybngl/ros2_ws/build/my_robot_controller/build/lib/my_robot_controller
[1.072s] running install
[1.072s] running install_lib
[1.073s] creating /home/ybngl/ros2_ws/install/my_robot_controller/lib/python3.10/site-packages/my_robot_controller
[1.073s] copying /home/ybngl/ros2_ws/build/my_robot_controller/build/lib/my_robot_controller/__init__.py -> /home/ybngl/ros2_ws/install/my_robot_controller/lib/python3.10/site-packages/my_robot_controller
[1.074s] byte-compiling /home/ybngl/ros2_ws/install/my_robot_controller/lib/python3.10/site-packages/my_robot_controller/__init__.py to __init__.cpython-310.pyc
[1.074s] running install_data
[1.074s] creating /home/ybngl/ros2_ws/install/my_robot_controller/share/ament_index
[1.074s] creating /home/ybngl/ros2_ws/install/my_robot_controller/share/ament_index/resource_index
[1.074s] creating /home/ybngl/ros2_ws/install/my_robot_controller/share/ament_index/resource_index/packages
[1.074s] copying resource/my_robot_controller -> /home/ybngl/ros2_ws/install/my_robot_controller/share/ament_index/resource_index/packages
[1.075s] copying package.xml -> /home/ybngl/ros2_ws/install/my_robot_controller/share/my_robot_controller
[1.075s] running install_egg_info
[1.077s] Copying ../../build/my_robot_controller/my_robot_controller.egg-info to /home/ybngl/ros2_ws/install/my_robot_controller/lib/python3.10/site-packages/my_robot_controller-0.0.0-py3.10.egg-info
[1.078s] running install_scripts
[1.102s] writing list of installed files to '/home/ybngl/ros2_ws/build/my_robot_controller/install.log'
[1.131s] Invoked command in '/home/ybngl/ros2_ws/src/my_robot_controller' returned '0': PYTHONPATH=/home/ybngl/ros2_ws/build/my_robot_controller/prefix_override:/home/ybngl/ros2_ws/install/my_robot_controller/lib/python3.10/site-packages:${PYTHONPATH} /usr/bin/python3 -W ignore:setup.py install is deprecated setup.py egg_info --egg-base ../../build/my_robot_controller build --build-base /home/ybngl/ros2_ws/build/my_robot_controller/build install --record /home/ybngl/ros2_ws/build/my_robot_controller/install.log --single-version-externally-managed install_data
