[0.848s] Invoking command in '/home/ybngl/ros2_ws/build/my_robot_controller': PYTHONPATH=/home/ybngl/ros2_ws/build/my_robot_controller/prefix_override:/home/ybngl/ros2_ws/install/my_robot_controller/lib/python3.10/site-packages:${PYTHONPATH} /usr/bin/python3 -W ignore:setup.py install is deprecated setup.py develop --editable --build-directory /home/ybngl/ros2_ws/build/my_robot_controller/build --no-deps symlink_data --force
[1.215s] running develop
[1.466s] running egg_info
[1.466s] writing my_robot_controller.egg-info/PKG-INFO
[1.467s] writing dependency_links to my_robot_controller.egg-info/dependency_links.txt
[1.467s] writing entry points to my_robot_controller.egg-info/entry_points.txt
[1.467s] writing requirements to my_robot_controller.egg-info/requires.txt
[1.468s] writing top-level names to my_robot_controller.egg-info/top_level.txt
[1.470s] reading manifest file 'my_robot_controller.egg-info/SOURCES.txt'
[1.471s] writing manifest file 'my_robot_controller.egg-info/SOURCES.txt'
[1.473s] running build_ext
[1.473s] Creating /home/ybngl/ros2_ws/install/my_robot_controller/lib/python3.10/site-packages/my-robot-controller.egg-link (link to .)
[1.474s] Installing draw_circle script to /home/ybngl/ros2_ws/install/my_robot_controller/lib/my_robot_controller
[1.474s] Installing pose_subscriber script to /home/ybngl/ros2_ws/install/my_robot_controller/lib/my_robot_controller
[1.474s] Installing test_node script to /home/ybngl/ros2_ws/install/my_robot_controller/lib/my_robot_controller
[1.475s] Installing turtle controller script to /home/ybngl/ros2_ws/install/my_robot_controller/lib/my_robot_controller
[1.475s] 
[1.475s] Installed /home/ybngl/ros2_ws/build/my_robot_controller
[1.475s] running symlink_data
[1.475s] symbolically linking /home/ybngl/ros2_ws/build/my_robot_controller/resource/my_robot_controller -> /home/ybngl/ros2_ws/install/my_robot_controller/share/ament_index/resource_index/packages
[1.475s] symbolically linking /home/ybngl/ros2_ws/build/my_robot_controller/package.xml -> /home/ybngl/ros2_ws/install/my_robot_controller/share/my_robot_controller
[1.515s] Invoked command in '/home/ybngl/ros2_ws/build/my_robot_controller' returned '0': PYTHONPATH=/home/ybngl/ros2_ws/build/my_robot_controller/prefix_override:/home/ybngl/ros2_ws/install/my_robot_controller/lib/python3.10/site-packages:${PYTHONPATH} /usr/bin/python3 -W ignore:setup.py install is deprecated setup.py develop --editable --build-directory /home/ybngl/ros2_ws/build/my_robot_controller/build --no-deps symlink_data --force
