[0.886s] Invoking command in '/home/ybngl/ros2_ws/src/my_robot_controller': PYTHONPATH=/home/ybngl/ros2_ws/src/build/my_robot_controller/prefix_override:/home/ybngl/ros2_ws/src/install/my_robot_controller/lib/python3.10/site-packages:${PYTHONPATH} /usr/bin/python3 -W ignore:setup.py install is deprecated setup.py egg_info --egg-base ../build/my_robot_controller build --build-base /home/ybngl/ros2_ws/src/build/my_robot_controller/build install --record /home/ybngl/ros2_ws/src/build/my_robot_controller/install.log --single-version-externally-managed install_data
[1.239s] running egg_info
[1.239s] creating ../build/my_robot_controller/my_robot_controller.egg-info
[1.240s] writing ../build/my_robot_controller/my_robot_controller.egg-info/PKG-INFO
[1.240s] writing dependency_links to ../build/my_robot_controller/my_robot_controller.egg-info/dependency_links.txt
[1.240s] writing entry points to ../build/my_robot_controller/my_robot_controller.egg-info/entry_points.txt
[1.241s] writing requirements to ../build/my_robot_controller/my_robot_controller.egg-info/requires.txt
[1.241s] writing top-level names to ../build/my_robot_controller/my_robot_controller.egg-info/top_level.txt
[1.241s] writing manifest file '../build/my_robot_controller/my_robot_controller.egg-info/SOURCES.txt'
[1.243s] reading manifest file '../build/my_robot_controller/my_robot_controller.egg-info/SOURCES.txt'
[1.244s] writing manifest file '../build/my_robot_controller/my_robot_controller.egg-info/SOURCES.txt'
[1.244s] running build
[1.244s] running build_py
[1.245s] creating /home/ybngl/ros2_ws/src/build/my_robot_controller/build
[1.245s] creating /home/ybngl/ros2_ws/src/build/my_robot_controller/build/lib
[1.245s] creating /home/ybngl/ros2_ws/src/build/my_robot_controller/build/lib/my_robot_controller
[1.245s] copying my_robot_controller/__init__.py -> /home/ybngl/ros2_ws/src/build/my_robot_controller/build/lib/my_robot_controller
[1.245s] copying my_robot_controller/draw_circle.py -> /home/ybngl/ros2_ws/src/build/my_robot_controller/build/lib/my_robot_controller
[1.246s] copying my_robot_controller/pose_subscriber.py -> /home/ybngl/ros2_ws/src/build/my_robot_controller/build/lib/my_robot_controller
[1.246s] copying my_robot_controller/turtle_controller.py -> /home/ybngl/ros2_ws/src/build/my_robot_controller/build/lib/my_robot_controller
[1.246s] copying my_robot_controller/my_first_node.py -> /home/ybngl/ros2_ws/src/build/my_robot_controller/build/lib/my_robot_controller
[1.246s] running install
[1.247s] running install_lib
[1.248s] creating /home/ybngl/ros2_ws/src/install/my_robot_controller/lib/python3.10/site-packages/my_robot_controller
[1.248s] copying /home/ybngl/ros2_ws/src/build/my_robot_controller/build/lib/my_robot_controller/__init__.py -> /home/ybngl/ros2_ws/src/install/my_robot_controller/lib/python3.10/site-packages/my_robot_controller
[1.248s] copying /home/ybngl/ros2_ws/src/build/my_robot_controller/build/lib/my_robot_controller/draw_circle.py -> /home/ybngl/ros2_ws/src/install/my_robot_controller/lib/python3.10/site-packages/my_robot_controller
[1.248s] copying /home/ybngl/ros2_ws/src/build/my_robot_controller/build/lib/my_robot_controller/pose_subscriber.py -> /home/ybngl/ros2_ws/src/install/my_robot_controller/lib/python3.10/site-packages/my_robot_controller
[1.248s] copying /home/ybngl/ros2_ws/src/build/my_robot_controller/build/lib/my_robot_controller/turtle_controller.py -> /home/ybngl/ros2_ws/src/install/my_robot_controller/lib/python3.10/site-packages/my_robot_controller
[1.249s] copying /home/ybngl/ros2_ws/src/build/my_robot_controller/build/lib/my_robot_controller/my_first_node.py -> /home/ybngl/ros2_ws/src/install/my_robot_controller/lib/python3.10/site-packages/my_robot_controller
[1.249s] byte-compiling /home/ybngl/ros2_ws/src/install/my_robot_controller/lib/python3.10/site-packages/my_robot_controller/__init__.py to __init__.cpython-310.pyc
[1.249s] byte-compiling /home/ybngl/ros2_ws/src/install/my_robot_controller/lib/python3.10/site-packages/my_robot_controller/draw_circle.py to draw_circle.cpython-310.pyc
[1.250s] byte-compiling /home/ybngl/ros2_ws/src/install/my_robot_controller/lib/python3.10/site-packages/my_robot_controller/pose_subscriber.py to pose_subscriber.cpython-310.pyc
[1.250s] byte-compiling /home/ybngl/ros2_ws/src/install/my_robot_controller/lib/python3.10/site-packages/my_robot_controller/turtle_controller.py to turtle_controller.cpython-310.pyc
[1.251s] byte-compiling /home/ybngl/ros2_ws/src/install/my_robot_controller/lib/python3.10/site-packages/my_robot_controller/my_first_node.py to my_first_node.cpython-310.pyc
[1.252s] running install_data
[1.252s] creating /home/ybngl/ros2_ws/src/install/my_robot_controller/share/ament_index
[1.252s] creating /home/ybngl/ros2_ws/src/install/my_robot_controller/share/ament_index/resource_index
[1.253s] creating /home/ybngl/ros2_ws/src/install/my_robot_controller/share/ament_index/resource_index/packages
[1.253s] copying resource/my_robot_controller -> /home/ybngl/ros2_ws/src/install/my_robot_controller/share/ament_index/resource_index/packages
[1.253s] copying package.xml -> /home/ybngl/ros2_ws/src/install/my_robot_controller/share/my_robot_controller
[1.253s] running install_egg_info
[1.255s] Copying ../build/my_robot_controller/my_robot_controller.egg-info to /home/ybngl/ros2_ws/src/install/my_robot_controller/lib/python3.10/site-packages/my_robot_controller-0.0.0-py3.10.egg-info
[1.256s] running install_scripts
[1.281s] Installing draw_circle script to /home/ybngl/ros2_ws/src/install/my_robot_controller/lib/my_robot_controller
[1.281s] Installing pose_subscriber script to /home/ybngl/ros2_ws/src/install/my_robot_controller/lib/my_robot_controller
[1.281s] Installing test_node script to /home/ybngl/ros2_ws/src/install/my_robot_controller/lib/my_robot_controller
[1.281s] Installing turtle_controller script to /home/ybngl/ros2_ws/src/install/my_robot_controller/lib/my_robot_controller
[1.282s] writing list of installed files to '/home/ybngl/ros2_ws/src/build/my_robot_controller/install.log'
[1.317s] Invoked command in '/home/ybngl/ros2_ws/src/my_robot_controller' returned '0': PYTHONPATH=/home/ybngl/ros2_ws/src/build/my_robot_controller/prefix_override:/home/ybngl/ros2_ws/src/install/my_robot_controller/lib/python3.10/site-packages:${PYTHONPATH} /usr/bin/python3 -W ignore:setup.py install is deprecated setup.py egg_info --egg-base ../build/my_robot_controller build --build-base /home/ybngl/ros2_ws/src/build/my_robot_controller/build install --record /home/ybngl/ros2_ws/src/build/my_robot_controller/install.log --single-version-externally-managed install_data
