[0.877s] Invoking command in '/home/ybngl/ros2_ws/src/my_robot_controller': PYTHONPATH=/home/ybngl/ros2_ws/src/build/my_robot_controller/prefix_override:/home/ybngl/ros2_ws/src/install/my_robot_controller/lib/python3.10/site-packages:${PYTHONPATH} /usr/bin/python3 -W ignore:setup.py install is deprecated setup.py egg_info --egg-base ../build/my_robot_controller build --build-base /home/ybngl/ros2_ws/src/build/my_robot_controller/build install --record /home/ybngl/ros2_ws/src/build/my_robot_controller/install.log --single-version-externally-managed install_data
[1.214s] running egg_info
[1.215s] writing ../build/my_robot_controller/my_robot_controller.egg-info/PKG-INFO
[1.215s] writing dependency_links to ../build/my_robot_controller/my_robot_controller.egg-info/dependency_links.txt
[1.216s] writing entry points to ../build/my_robot_controller/my_robot_controller.egg-info/entry_points.txt
[1.216s] writing requirements to ../build/my_robot_controller/my_robot_controller.egg-info/requires.txt
[1.216s] writing top-level names to ../build/my_robot_controller/my_robot_controller.egg-info/top_level.txt
[1.219s] reading manifest file '../build/my_robot_controller/my_robot_controller.egg-info/SOURCES.txt'
[1.221s] writing manifest file '../build/my_robot_controller/my_robot_controller.egg-info/SOURCES.txt'
[1.221s] running build
[1.221s] running build_py
[1.222s] copying my_robot_controller/turtle_controller.py -> /home/ybngl/ros2_ws/src/build/my_robot_controller/build/lib/my_robot_controller
[1.222s] running install
[1.223s] running install_lib
[1.224s] copying /home/ybngl/ros2_ws/src/build/my_robot_controller/build/lib/my_robot_controller/turtle_controller.py -> /home/ybngl/ros2_ws/src/install/my_robot_controller/lib/python3.10/site-packages/my_robot_controller
[1.225s] byte-compiling /home/ybngl/ros2_ws/src/install/my_robot_controller/lib/python3.10/site-packages/my_robot_controller/turtle_controller.py to turtle_controller.cpython-310.pyc
[1.227s] running install_data
[1.227s] running install_egg_info
[1.230s] removing '/home/ybngl/ros2_ws/src/install/my_robot_controller/lib/python3.10/site-packages/my_robot_controller-0.0.0-py3.10.egg-info' (and everything under it)
[1.230s] Copying ../build/my_robot_controller/my_robot_controller.egg-info to /home/ybngl/ros2_ws/src/install/my_robot_controller/lib/python3.10/site-packages/my_robot_controller-0.0.0-py3.10.egg-info
[1.232s] running install_scripts
[1.256s] Installing draw_circle script to /home/ybngl/ros2_ws/src/install/my_robot_controller/lib/my_robot_controller
[1.256s] Installing pose_subscriber script to /home/ybngl/ros2_ws/src/install/my_robot_controller/lib/my_robot_controller
[1.257s] Installing test_node script to /home/ybngl/ros2_ws/src/install/my_robot_controller/lib/my_robot_controller
[1.257s] Installing turtle_controller script to /home/ybngl/ros2_ws/src/install/my_robot_controller/lib/my_robot_controller
[1.257s] writing list of installed files to '/home/ybngl/ros2_ws/src/build/my_robot_controller/install.log'
[1.290s] Invoked command in '/home/ybngl/ros2_ws/src/my_robot_controller' returned '0': PYTHONPATH=/home/ybngl/ros2_ws/src/build/my_robot_controller/prefix_override:/home/ybngl/ros2_ws/src/install/my_robot_controller/lib/python3.10/site-packages:${PYTHONPATH} /usr/bin/python3 -W ignore:setup.py install is deprecated setup.py egg_info --egg-base ../build/my_robot_controller build --build-base /home/ybngl/ros2_ws/src/build/my_robot_controller/build install --record /home/ybngl/ros2_ws/src/build/my_robot_controller/install.log --single-version-externally-managed install_data
